<?xml version="1.0" encoding="UTF-8"?>
<!-- Generated by org.testng.reporters.JUnitReportReporter -->
<testsuite hostname="LAPTOP-9B3C4EKN" failures="0" tests="1" name="testScripts.LauchFacebookPage" time="2.208" errors="0" timestamp="2023-08-01T17:16:27 IST" skipped="0">
  <testcase classname="testScripts.LauchFacebookPage" name="main" time="2.208"/>
  <system-out/>
</testsuite> <!-- testScripts.LauchFacebookPage -->
